<?xml version="1.0" encoding="UTF-8"?>
<testsuite name="SimpleBankSystemTest" tests="1" skipped="0" failures="0" errors="0" timestamp="2021-07-02T12:37:14" hostname="3c22fb139a09.ant.amazon.com" time="0.777">
  <properties/>
  <testcase name="start" classname="SimpleBankSystemTest" time="0.777"/>
  <system-out><![CDATA[?[1;31m
Start test 1?[0m
Database initialized.

1. Create an account
2. Log into account
0. Exit
>> 0

Bye!
?[1;31m
Start test 2?[0m
Database initialized.

1. Create an account
2. Log into account
0. Exit
>> 0

Bye!
?[1;31m
Start test 3?[0m
Database initialized.

1. Create an account
2. Log into account
0. Exit
>> 0

Bye!
?[1;31m
Start test 4?[0m
Database initialized.

1. Create an account
2. Log into account
0. Exit
>> 0

Bye!
?[1;31m
Start test 5?[0m
Database initialized.

1. Create an account
2. Log into account
0. Exit
>> 1

Your card has been created
Your card number:
4000004000000004
Your card PIN:
9773

1. Create an account
2. Log into account
0. Exit
>> 1

Your card has been created
Your card number:
4000004000000012
Your card PIN:
9773

1. Create an account
2. Log into account
0. Exit
>> 1

Your card has been created
Your card number:
4000004000000020
Your card PIN:
9773

1. Create an account
2. Log into account
0. Exit
>> 1

Your card has been created
Your card number:
4000004000000038
Your card PIN:
9773

1. Create an account
2. Log into account
0. Exit
>> 1

Your card has been created
Your card number:
4000004000000046
Your card PIN:
9773

1. Create an account
2. Log into account
0. Exit
>> 0

Bye!
4000004000000004
4000004000000012
4000004000000020
4000004000000038
4000004000000046
?[1;31m
Start test 6?[0m
Database initialized.

1. Create an account
2. Log into account
0. Exit
>> 1

Your card has been created
Your card number:
4000004000000004
Your card PIN:
9773

1. Create an account
2. Log into account
0. Exit
>> 2

Enter your card number:
> 4000004000000004
Enter your PIN:
> 9773

You have successfully logged in!

1. Balance
2. Log out
0. Exit
>> 0

Bye!
?[1;31m
Start test 7?[0m
Database initialized.

1. Create an account
2. Log into account
0. Exit
>> 1

Your card has been created
Your card number:
4000004000000004
Your card PIN:
9773

1. Create an account
2. Log into account
0. Exit
>> 2

Enter your card number:
> 4000004000000004
Enter your PIN:
> 8009

Wrong card number or PIN!

1. Create an account
2. Log into account
0. Exit
>> 0

Bye!
?[1;31m
Start test 8?[0m
Database initialized.

1. Create an account
2. Log into account
0. Exit
>> 1

Your card has been created
Your card number:
4000004000000004
Your card PIN:
9773

1. Create an account
2. Log into account
0. Exit
>> 2

Enter your card number:
> 400000295403832
Enter your PIN:
> 9773

Wrong card number or PIN!

1. Create an account
2. Log into account
0. Exit
>> 0

Bye!
?[1;31m
Start test 9?[0m
Database initialized.

1. Create an account
2. Log into account
0. Exit
>> 1

Your card has been created
Your card number:
4000004000000004
Your card PIN:
9773

1. Create an account
2. Log into account
0. Exit
>> 2

Enter your card number:
> 4000004000000004
Enter your PIN:
> 9773

You have successfully logged in!

1. Balance
2. Log out
0. Exit
>> 1

Balance: 0.0

1. Balance
2. Log out
0. Exit
>> 0

Bye!
]]></system-out>
  <system-err><![CDATA[]]></system-err>
</testsuite>
